Base path: 'C:/Program Files/Unity/Editor/Data', plugins path 'C:/Program Files/Unity/Editor/Data/PlaybackEngines'
Cmd: initializeCompiler
Cmd: compileComputeKernel
  api=4 insize=12081 outsize=1558 ok=1
Cmd: compileComputeKernel
  api=4 insize=12124 outsize=1823 ok=1
Cmd: compileComputeKernel
  api=4 insize=12124 outsize=2259 ok=1
Cmd: compileComputeKernel
  api=4 insize=12124 outsize=1851 ok=1
Cmd: compileComputeKernel
  api=4 insize=12124 outsize=1848 ok=1
Cmd: compileComputeKernel
  api=4 insize=12124 outsize=1997 ok=1
Cmd: compileComputeKernel
  api=4 insize=19771 outsize=2037 ok=1
Cmd: compileComputeKernel
  api=4 insize=19771 outsize=3171 ok=1
Cmd: compileComputeKernel
  api=4 insize=19771 outsize=5237 ok=1
Cmd: compileComputeKernel
  api=4 insize=66851 outsize=1686 ok=1
Cmd: compileComputeKernel
  api=4 insize=66851 outsize=2640 ok=1
Cmd: compileComputeKernel
  api=4 insize=66851 outsize=1579 ok=1
Cmd: compileComputeKernel
  api=4 insize=66851 outsize=2631 ok=1
Cmd: compileComputeKernel
  api=4 insize=66851 outsize=2634 ok=1
Cmd: compileComputeKernel
  api=4 insize=66851 outsize=1489 ok=1
Cmd: compileComputeKernel
  api=4 insize=66851 outsize=1689 ok=1
Cmd: compileComputeKernel
  api=4 insize=66851 outsize=1335 ok=1
Cmd: compileComputeKernel
  api=4 insize=66851 outsize=1495 ok=1
Cmd: compileComputeKernel
  api=4 insize=66851 outsize=3271 ok=1
Cmd: compileComputeKernel
  api=4 insize=66851 outsize=1284 ok=1
Cmd: compileComputeKernel
  api=4 insize=66851 outsize=1369 ok=1
Cmd: compileComputeKernel
  api=4 insize=66851 outsize=1520 ok=1
Cmd: compileComputeKernel
  api=4 insize=66851 outsize=1465 ok=1
Cmd: compileComputeKernel
  api=4 insize=66851 outsize=1861 ok=1
Cmd: compileComputeKernel
  api=4 insize=66851 outsize=1311 ok=1
Cmd: compileComputeKernel
  api=4 insize=66851 outsize=1777 ok=1
Cmd: compileComputeKernel
  api=4 insize=66851 outsize=1364 ok=1
Cmd: compileComputeKernel
  api=4 insize=66851 outsize=1819 ok=1
Cmd: compileComputeKernel
  api=4 insize=66851 outsize=1819 ok=1
Cmd: compileComputeKernel
  api=4 insize=66851 outsize=2259 ok=1
Cmd: compileComputeKernel
  api=4 insize=66851 outsize=1974 ok=1
Cmd: compileComputeKernel
  api=4 insize=66851 outsize=1856 ok=1
Cmd: compileComputeKernel
  api=4 insize=66851 outsize=1853 ok=1
Cmd: compileComputeKernel
  api=4 insize=66851 outsize=1997 ok=1
Cmd: compileComputeKernel
  api=4 insize=66851 outsize=1326 ok=1
Cmd: compileComputeKernel
  api=4 insize=66851 outsize=1341 ok=1
Cmd: compileComputeKernel
  api=4 insize=66851 outsize=1342 ok=1
Cmd: compileComputeKernel
  api=4 insize=66851 outsize=3004 ok=1
Cmd: compileComputeKernel
  api=4 insize=66851 outsize=1590 ok=1
Cmd: compileComputeKernel
  api=4 insize=73605 outsize=12637 ok=1
Cmd: compileComputeKernel
  api=4 insize=73605 outsize=5020 ok=1
Cmd: compileComputeKernel
  api=4 insize=73605 outsize=6472 ok=1
Cmd: compileComputeKernel
  api=4 insize=33997 outsize=772 ok=1
Cmd: compileComputeKernel
  api=4 insize=33997 outsize=675 ok=1
Cmd: compileComputeKernel
  api=4 insize=33997 outsize=628 ok=1
Cmd: compileComputeKernel
  api=4 insize=33997 outsize=937 ok=1
Cmd: compileComputeKernel
  api=4 insize=33997 outsize=910 ok=1
Cmd: compileComputeKernel
  api=4 insize=33997 outsize=753 ok=1
Cmd: compileComputeKernel
  api=4 insize=33997 outsize=749 ok=1
Cmd: compileComputeKernel
  api=4 insize=33997 outsize=701 ok=1
Cmd: compileComputeKernel
  api=4 insize=33997 outsize=759 ok=1
Cmd: compileComputeKernel
  api=4 insize=33997 outsize=970 ok=1
Cmd: compileComputeKernel
  api=4 insize=33997 outsize=1229 ok=1
Cmd: compileComputeKernel
  api=4 insize=33997 outsize=1861 ok=1
Cmd: compileComputeKernel
  api=4 insize=33997 outsize=1520 ok=1
Cmd: compileComputeKernel
  api=4 insize=33997 outsize=1306 ok=1
Cmd: compileComputeKernel
  api=4 insize=33997 outsize=1465 ok=1
Cmd: compileComputeKernel
  api=4 insize=33997 outsize=1296 ok=1
Cmd: compileComputeKernel
  api=4 insize=33997 outsize=1311 ok=1
Cmd: compileComputeKernel
  api=4 insize=33997 outsize=1369 ok=1
Cmd: compileComputeKernel
  api=4 insize=33997 outsize=1618 ok=1
Cmd: compileComputeKernel
  api=4 insize=74993 outsize=12292 ok=1
Cmd: compileComputeKernel
  api=4 insize=74993 outsize=31673 ok=1
Cmd: compileComputeKernel
  api=4 insize=74993 outsize=32386 ok=1
Cmd: compileComputeKernel
  api=4 insize=4434 outsize=1590 ok=1
Cmd: compileComputeKernel
  api=4 insize=1898 outsize=3122 ok=1
Cmd: compileSnippet
  api=4 type=0 insize=16577 outsize=5358 kw=_SUNDISK_NONE pd=UNITY_ENABLE_REFLECTION_BUFFERS UNITY_USE_DITHER_MASK_FOR_ALPHABLENDED_SHADOWS UNITY_PBS_USE_BRDF1 UNITY_SPECCUBE_BOX_PROJECTION UNITY_SPECCUBE_BLENDING UNITY_ENABLE_DETAIL_NORMALMAP SHADER_API_DESKTOP UNITY_LIGHT_PROBE_PROXY_VOLUME UNITY_LIGHTMAP_RGBM_ENCODING ok=1
Cmd: compileSnippet
  api=4 type=1 insize=16577 outsize=882 kw=_SUNDISK_SIMPLE pd=UNITY_ENABLE_REFLECTION_BUFFERS UNITY_USE_DITHER_MASK_FOR_ALPHABLENDED_SHADOWS UNITY_PBS_USE_BRDF1 UNITY_SPECCUBE_BOX_PROJECTION UNITY_SPECCUBE_BLENDING UNITY_ENABLE_DETAIL_NORMALMAP SHADER_API_DESKTOP UNITY_LIGHT_PROBE_PROXY_VOLUME UNITY_LIGHTMAP_RGBM_ENCODING ok=1
Cmd: compileSnippet
  api=4 type=0 insize=2364 outsize=1762 kw=_EMISSION _MAIN_LIGHT_SHADOWS _MAIN_LIGHT_SHADOWS_CASCADE _SHADOWS_SOFT pd=UNITY_ENABLE_REFLECTION_BUFFERS UNITY_USE_DITHER_MASK_FOR_ALPHABLENDED_SHADOWS UNITY_PBS_USE_BRDF1 UNITY_SPECCUBE_BOX_PROJECTION UNITY_SPECCUBE_BLENDING UNITY_ENABLE_DETAIL_NORMALMAP SHADER_API_DESKTOP UNITY_LIGHT_PROBE_PROXY_VOLUME UNITY_LIGHTMAP_RGBM_ENCODING ok=1
