Base path: 'C:/Program Files/Unity/Editor/Data', plugins path 'C:/Program Files/Unity/Editor/Data/PlaybackEngines'
Cmd: initializeCompiler
Cmd: compileComputeKernel
  api=4 insize=12081 outsize=1099 ok=1
Cmd: compileComputeKernel
  api=4 insize=12124 outsize=1819 ok=1
Cmd: compileComputeKernel
  api=4 insize=12124 outsize=1819 ok=1
Cmd: compileComputeKernel
  api=4 insize=12124 outsize=1974 ok=1
Cmd: compileComputeKernel
  api=4 insize=12124 outsize=1848 ok=1
Cmd: compileComputeKernel
  api=4 insize=12124 outsize=1849 ok=1
Cmd: compileComputeKernel
  api=4 insize=12124 outsize=1998 ok=1
Cmd: compileComputeKernel
  api=4 insize=19771 outsize=2045 ok=1
Cmd: compileComputeKernel
  api=4 insize=19771 outsize=3156 ok=1
Cmd: compileComputeKernel
  api=4 insize=19771 outsize=5077 ok=1
Cmd: compileComputeKernel
  api=4 insize=66851 outsize=2922 ok=1
Cmd: compileComputeKernel
  api=4 insize=66851 outsize=2944 ok=1
Cmd: compileComputeKernel
  api=4 insize=66851 outsize=2479 ok=1
Cmd: compileComputeKernel
  api=4 insize=66851 outsize=1489 ok=1
Cmd: compileComputeKernel
  api=4 insize=66851 outsize=1461 ok=1
Cmd: compileComputeKernel
  api=4 insize=66851 outsize=2041 ok=1
Cmd: compileComputeKernel
  api=4 insize=66851 outsize=1431 ok=1
Cmd: compileComputeKernel
  api=4 insize=66851 outsize=3335 ok=1
Cmd: compileComputeKernel
  api=4 insize=66851 outsize=1287 ok=1
Cmd: compileComputeKernel
  api=4 insize=66851 outsize=1310 ok=1
Cmd: compileComputeKernel
  api=4 insize=66851 outsize=1682 ok=1
Cmd: compileComputeKernel
  api=4 insize=66851 outsize=1321 ok=1
Cmd: compileComputeKernel
  api=4 insize=66851 outsize=1359 ok=1
Cmd: compileComputeKernel
  api=4 insize=66851 outsize=1311 ok=1
Cmd: compileComputeKernel
  api=4 insize=66851 outsize=1284 ok=1
Cmd: compileComputeKernel
  api=4 insize=66851 outsize=1387 ok=1
Cmd: compileComputeKernel
  api=4 insize=66851 outsize=1819 ok=1
Cmd: compileComputeKernel
  api=4 insize=66851 outsize=1819 ok=1
Cmd: compileComputeKernel
  api=4 insize=66851 outsize=2259 ok=1
Cmd: compileComputeKernel
  api=4 insize=66851 outsize=1819 ok=1
Cmd: compileComputeKernel
  api=4 insize=66851 outsize=1851 ok=1
Cmd: compileComputeKernel
  api=4 insize=66851 outsize=1848 ok=1
Cmd: compileComputeKernel
  api=4 insize=66851 outsize=1849 ok=1
Cmd: compileComputeKernel
  api=4 insize=66851 outsize=1998 ok=1
Cmd: compileComputeKernel
  api=4 insize=66851 outsize=1326 ok=1
Cmd: compileComputeKernel
  api=4 insize=66851 outsize=1301 ok=1
Cmd: compileComputeKernel
  api=4 insize=66851 outsize=1302 ok=1
Cmd: compileComputeKernel
  api=4 insize=66851 outsize=3368 ok=1
Cmd: compileComputeKernel
  api=4 insize=66851 outsize=1449 ok=1
Cmd: compileComputeKernel
  api=4 insize=66851 outsize=1750 ok=1
Cmd: compileComputeKernel
  api=4 insize=66851 outsize=2477 ok=1
Cmd: compileComputeKernel
  api=4 insize=73605 outsize=2761 ok=1
Cmd: compileComputeKernel
  api=4 insize=73605 outsize=7893 ok=1
Cmd: compileComputeKernel
  api=4 insize=33997 outsize=629 ok=1
Cmd: compileComputeKernel
  api=4 insize=33997 outsize=770 ok=1
Cmd: compileComputeKernel
  api=4 insize=33997 outsize=777 ok=1
Cmd: compileComputeKernel
  api=4 insize=33997 outsize=1032 ok=1
Cmd: compileComputeKernel
  api=4 insize=33997 outsize=854 ok=1
Cmd: compileComputeKernel
  api=4 insize=33997 outsize=950 ok=1
Cmd: compileComputeKernel
  api=4 insize=33997 outsize=677 ok=1
Cmd: compileComputeKernel
  api=4 insize=33997 outsize=622 ok=1
Cmd: compileComputeKernel
  api=4 insize=33997 outsize=700 ok=1
Cmd: compileComputeKernel
  api=4 insize=33997 outsize=1269 ok=1
Cmd: compileComputeKernel
  api=4 insize=33997 outsize=1258 ok=1
Cmd: compileComputeKernel
  api=4 insize=33997 outsize=1524 ok=1
Cmd: compileComputeKernel
  api=4 insize=33997 outsize=1457 ok=1
Cmd: compileComputeKernel
  api=4 insize=33997 outsize=1363 ok=1
Cmd: compileComputeKernel
  api=4 insize=33997 outsize=1402 ok=1
Cmd: compileComputeKernel
  api=4 insize=33997 outsize=1311 ok=1
Cmd: compileComputeKernel
  api=4 insize=33997 outsize=1288 ok=1
Cmd: compileComputeKernel
  api=4 insize=33997 outsize=1261 ok=1
Cmd: compileComputeKernel
  api=4 insize=33997 outsize=1631 ok=1
Cmd: compileComputeKernel
  api=4 insize=33997 outsize=1324 ok=1
Cmd: compileComputeKernel
  api=4 insize=74993 outsize=2787 ok=1
Cmd: compileComputeKernel
  api=4 insize=74993 outsize=11353 ok=1
Cmd: compileComputeKernel
  api=4 insize=74993 outsize=26462 ok=1
Cmd: compileComputeKernel
  api=4 insize=74993 outsize=3570 ok=1
Cmd: compileComputeKernel
  api=4 insize=74993 outsize=12236 ok=1
Cmd: compileComputeKernel
  api=4 insize=4434 outsize=1449 ok=1
Cmd: compileSnippet
  api=4 type=1 insize=16577 outsize=422 kw=_SUNDISK_NONE pd=UNITY_ENABLE_REFLECTION_BUFFERS UNITY_USE_DITHER_MASK_FOR_ALPHABLENDED_SHADOWS UNITY_PBS_USE_BRDF1 UNITY_SPECCUBE_BOX_PROJECTION UNITY_SPECCUBE_BLENDING UNITY_ENABLE_DETAIL_NORMALMAP SHADER_API_DESKTOP UNITY_LIGHT_PROBE_PROXY_VOLUME UNITY_LIGHTMAP_RGBM_ENCODING ok=1
Cmd: compileSnippet
  api=4 type=1 insize=2364 outsize=5902 kw=_EMISSION _MAIN_LIGHT_SHADOWS _MAIN_LIGHT_SHADOWS_CASCADE _SHADOWS_SOFT pd=UNITY_ENABLE_REFLECTION_BUFFERS UNITY_USE_DITHER_MASK_FOR_ALPHABLENDED_SHADOWS UNITY_PBS_USE_BRDF1 UNITY_SPECCUBE_BOX_PROJECTION UNITY_SPECCUBE_BLENDING UNITY_ENABLE_DETAIL_NORMALMAP SHADER_API_DESKTOP UNITY_LIGHT_PROBE_PROXY_VOLUME UNITY_LIGHTMAP_RGBM_ENCODING ok=1
