Base path: 'C:/Program Files/Unity/Editor/Data', plugins path 'C:/Program Files/Unity/Editor/Data/PlaybackEngines'
Cmd: initializeCompiler
Cmd: compileComputeKernel
  api=4 insize=12081 outsize=1499 ok=1
Cmd: compileComputeKernel
  api=4 insize=12081 outsize=1931 ok=1
Cmd: compileComputeKernel
  api=4 insize=12081 outsize=1579 ok=1
Cmd: compileComputeKernel
  api=4 insize=12081 outsize=2479 ok=1
Cmd: compileComputeKernel
  api=4 insize=12081 outsize=1364 ok=1
Cmd: compileComputeKernel
  api=4 insize=12081 outsize=1364 ok=1
Cmd: compileComputeKernel
  api=4 insize=12124 outsize=1819 ok=1
Cmd: compileComputeKernel
  api=4 insize=12124 outsize=1819 ok=1
Cmd: compileComputeKernel
  api=4 insize=12124 outsize=1851 ok=1
Cmd: compileComputeKernel
  api=4 insize=12124 outsize=1997 ok=1
Cmd: compileComputeKernel
  api=4 insize=19771 outsize=2963 ok=1
Cmd: compileComputeKernel
  api=4 insize=19771 outsize=3039 ok=1
Cmd: compileComputeKernel
  api=4 insize=66851 outsize=11643 ok=1
Cmd: compileComputeKernel
  api=4 insize=66851 outsize=1647 ok=1
Cmd: compileComputeKernel
  api=4 insize=66851 outsize=1324 ok=1
Cmd: compileComputeKernel
  api=4 insize=66851 outsize=1284 ok=1
Cmd: compileComputeKernel
  api=4 insize=66851 outsize=1369 ok=1
Cmd: compileComputeKernel
  api=4 insize=66851 outsize=1520 ok=1
Cmd: compileComputeKernel
  api=4 insize=66851 outsize=1998 ok=1
Cmd: compileComputeKernel
  api=4 insize=66851 outsize=1301 ok=1
Cmd: compileComputeKernel
  api=4 insize=66851 outsize=1394 ok=1
Cmd: compileComputeKernel
  api=4 insize=73605 outsize=7773 ok=1
Cmd: compileComputeKernel
  api=4 insize=73605 outsize=3656 ok=1
Cmd: compileComputeKernel
  api=4 insize=73605 outsize=6472 ok=1
Cmd: compileComputeKernel
  api=4 insize=33997 outsize=629 ok=1
Cmd: compileComputeKernel
  api=4 insize=33997 outsize=769 ok=1
Cmd: compileComputeKernel
  api=4 insize=33997 outsize=682 ok=1
Cmd: compileComputeKernel
  api=4 insize=33997 outsize=711 ok=1
Cmd: compileComputeKernel
  api=4 insize=33997 outsize=1094 ok=1
Cmd: compileComputeKernel
  api=4 insize=33997 outsize=855 ok=1
Cmd: compileComputeKernel
  api=4 insize=33997 outsize=701 ok=1
Cmd: compileComputeKernel
  api=4 insize=33997 outsize=677 ok=1
Cmd: compileComputeKernel
  api=4 insize=33997 outsize=854 ok=1
Cmd: compileComputeKernel
  api=4 insize=33997 outsize=872 ok=1
Cmd: compileComputeKernel
  api=4 insize=33997 outsize=1321 ok=1
Cmd: compileComputeKernel
  api=4 insize=33997 outsize=1072 ok=1
Cmd: compileComputeKernel
  api=4 insize=33997 outsize=1520 ok=1
Cmd: compileComputeKernel
  api=4 insize=33997 outsize=1346 ok=1
Cmd: compileComputeKernel
  api=4 insize=33997 outsize=1465 ok=1
Cmd: compileComputeKernel
  api=4 insize=33997 outsize=1311 ok=1
Cmd: compileComputeKernel
  api=4 insize=33997 outsize=1248 ok=1
Cmd: compileComputeKernel
  api=4 insize=33997 outsize=1369 ok=1
Cmd: compileComputeKernel
  api=4 insize=33997 outsize=1618 ok=1
Cmd: compileComputeKernel
  api=4 insize=74993 outsize=6812 ok=1
Cmd: compileComputeKernel
  api=4 insize=74993 outsize=21350 ok=1
Cmd: compileComputeKernel
  api=4 insize=74993 outsize=23646 ok=1
Cmd: compileComputeKernel
  api=4 insize=4434 outsize=1684 ok=1
Cmd: compileSnippet
  api=4 type=1 insize=2364 outsize=5798 kw=_MAIN_LIGHT_SHADOWS _MAIN_LIGHT_SHADOWS_CASCADE _SHADOWS_SOFT pd=UNITY_ENABLE_REFLECTION_BUFFERS UNITY_USE_DITHER_MASK_FOR_ALPHABLENDED_SHADOWS UNITY_PBS_USE_BRDF1 UNITY_SPECCUBE_BOX_PROJECTION UNITY_SPECCUBE_BLENDING UNITY_ENABLE_DETAIL_NORMALMAP SHADER_API_DESKTOP UNITY_LIGHT_PROBE_PROXY_VOLUME UNITY_LIGHTMAP_RGBM_ENCODING ok=1
